<?xml version="1.0" encoding="UTF-8"?>
<coverage generated="1753642370952" clover="3.2.0">
  <project timestamp="1753642370952" name="All files">
    <metrics statements="133" coveredstatements="117" conditionals="35" coveredconditionals="15" methods="18" coveredmethods="17" elements="186" coveredelements="149" complexity="0" loc="133" ncloc="133" packages="6" files="17" classes="17"/>
    <package name="notes.create">
      <metrics statements="22" coveredstatements="21" conditionals="4" coveredconditionals="2" methods="2" coveredmethods="2"/>
      <file name="create.handler.ts" path="D:\Users\Victor.DESKTOP-BKFRIDB\Desktop\lambda-dynamodb-starter\lambda\notes\create\create.handler.ts">
        <metrics statements="13" coveredstatements="12" conditionals="4" coveredconditionals="2" methods="1" coveredmethods="1"/>
        <line num="2" count="1" type="stmt"/>
        <line num="3" count="1" type="stmt"/>
        <line num="4" count="1" type="stmt"/>
        <line num="5" count="1" type="stmt"/>
        <line num="7" count="1" type="stmt"/>
        <line num="8" count="2" type="stmt"/>
        <line num="9" count="2" type="cond" truecount="1" falsecount="1"/>
        <line num="11" count="2" type="stmt"/>
        <line num="13" count="1" type="stmt"/>
        <line num="15" count="1" type="stmt"/>
        <line num="17" count="1" type="cond" truecount="1" falsecount="1"/>
        <line num="18" count="1" type="stmt"/>
        <line num="21" count="0" type="stmt"/>
      </file>
      <file name="create.schema.ts" path="D:\Users\Victor.DESKTOP-BKFRIDB\Desktop\lambda-dynamodb-starter\lambda\notes\create\create.schema.ts">
        <metrics statements="2" coveredstatements="2" conditionals="0" coveredconditionals="0" methods="0" coveredmethods="0"/>
        <line num="1" count="2" type="stmt"/>
        <line num="3" count="2" type="stmt"/>
      </file>
      <file name="create.service.ts" path="D:\Users\Victor.DESKTOP-BKFRIDB\Desktop\lambda-dynamodb-starter\lambda\notes\create\create.service.ts">
        <metrics statements="7" coveredstatements="7" conditionals="0" coveredconditionals="0" methods="1" coveredmethods="1"/>
        <line num="1" count="2" type="stmt"/>
        <line num="2" count="2" type="stmt"/>
        <line num="4" count="2" type="stmt"/>
        <line num="5" count="1" type="stmt"/>
        <line num="11" count="1" type="stmt"/>
        <line num="16" count="1" type="stmt"/>
        <line num="18" count="1" type="stmt"/>
      </file>
    </package>
    <package name="notes.delete">
      <metrics statements="25" coveredstatements="20" conditionals="8" coveredconditionals="2" methods="2" coveredmethods="2"/>
      <file name="delete.handler.ts" path="D:\Users\Victor.DESKTOP-BKFRIDB\Desktop\lambda-dynamodb-starter\lambda\notes\delete\delete.handler.ts">
        <metrics statements="17" coveredstatements="12" conditionals="8" coveredconditionals="2" methods="1" coveredmethods="1"/>
        <line num="2" count="1" type="stmt"/>
        <line num="3" count="1" type="stmt"/>
        <line num="4" count="1" type="stmt"/>
        <line num="5" count="1" type="stmt"/>
        <line num="7" count="1" type="stmt"/>
        <line num="8" count="2" type="stmt"/>
        <line num="10" count="2" type="cond" truecount="2" falsecount="0"/>
        <line num="11" count="1" type="stmt"/>
        <line num="14" count="1" type="stmt"/>
        <line num="15" count="1" type="stmt"/>
        <line num="17" count="1" type="stmt"/>
        <line num="19" count="1" type="stmt"/>
        <line num="21" count="0" type="cond" truecount="0" falsecount="2"/>
        <line num="22" count="0" type="stmt"/>
        <line num="25" count="0" type="cond" truecount="0" falsecount="4"/>
        <line num="26" count="0" type="stmt"/>
        <line num="29" count="0" type="stmt"/>
      </file>
      <file name="delete.schema.ts" path="D:\Users\Victor.DESKTOP-BKFRIDB\Desktop\lambda-dynamodb-starter\lambda\notes\delete\delete.schema.ts">
        <metrics statements="2" coveredstatements="2" conditionals="0" coveredconditionals="0" methods="0" coveredmethods="0"/>
        <line num="1" count="2" type="stmt"/>
        <line num="3" count="2" type="stmt"/>
      </file>
      <file name="delete.service.ts" path="D:\Users\Victor.DESKTOP-BKFRIDB\Desktop\lambda-dynamodb-starter\lambda\notes\delete\delete.service.ts">
        <metrics statements="6" coveredstatements="6" conditionals="0" coveredconditionals="0" methods="1" coveredmethods="1"/>
        <line num="1" count="2" type="stmt"/>
        <line num="2" count="2" type="stmt"/>
        <line num="4" count="2" type="stmt"/>
        <line num="5" count="2" type="stmt"/>
        <line num="11" count="2" type="stmt"/>
        <line num="13" count="1" type="stmt"/>
      </file>
    </package>
    <package name="notes.get-all">
      <metrics statements="14" coveredstatements="13" conditionals="4" coveredconditionals="3" methods="3" coveredmethods="3"/>
      <file name="get-all.handler.ts" path="D:\Users\Victor.DESKTOP-BKFRIDB\Desktop\lambda-dynamodb-starter\lambda\notes\get-all\get-all.handler.ts">
        <metrics statements="7" coveredstatements="6" conditionals="0" coveredconditionals="0" methods="1" coveredmethods="1"/>
        <line num="2" count="1" type="stmt"/>
        <line num="3" count="1" type="stmt"/>
        <line num="5" count="1" type="stmt"/>
        <line num="6" count="1" type="stmt"/>
        <line num="7" count="1" type="stmt"/>
        <line num="9" count="1" type="stmt"/>
        <line num="12" count="0" type="stmt"/>
      </file>
      <file name="get-all.service.ts" path="D:\Users\Victor.DESKTOP-BKFRIDB\Desktop\lambda-dynamodb-starter\lambda\notes\get-all\get-all.service.ts">
        <metrics statements="7" coveredstatements="7" conditionals="4" coveredconditionals="3" methods="2" coveredmethods="2"/>
        <line num="1" count="2" type="stmt"/>
        <line num="3" count="2" type="stmt"/>
        <line num="5" count="2" type="stmt"/>
        <line num="6" count="2" type="stmt"/>
        <line num="8" count="2" type="stmt"/>
        <line num="11" count="2" type="cond" truecount="2" falsecount="0"/>
        <line num="17" count="2" type="cond" truecount="1" falsecount="1"/>
      </file>
    </package>
    <package name="notes.get-by-id">
      <metrics statements="25" coveredstatements="21" conditionals="6" coveredconditionals="3" methods="2" coveredmethods="2"/>
      <file name="get-by-id.handler.ts" path="D:\Users\Victor.DESKTOP-BKFRIDB\Desktop\lambda-dynamodb-starter\lambda\notes\get-by-id\get-by-id.handler.ts">
        <metrics statements="17" coveredstatements="13" conditionals="6" coveredconditionals="3" methods="1" coveredmethods="1"/>
        <line num="2" count="1" type="stmt"/>
        <line num="3" count="1" type="stmt"/>
        <line num="4" count="1" type="stmt"/>
        <line num="5" count="1" type="stmt"/>
        <line num="7" count="1" type="stmt"/>
        <line num="8" count="2" type="stmt"/>
        <line num="10" count="2" type="cond" truecount="1" falsecount="1"/>
        <line num="11" count="0" type="stmt"/>
        <line num="14" count="2" type="stmt"/>
        <line num="15" count="2" type="stmt"/>
        <line num="17" count="2" type="stmt"/>
        <line num="19" count="2" type="cond" truecount="2" falsecount="0"/>
        <line num="20" count="1" type="stmt"/>
        <line num="23" count="1" type="stmt"/>
        <line num="25" count="0" type="cond" truecount="0" falsecount="2"/>
        <line num="26" count="0" type="stmt"/>
        <line num="29" count="0" type="stmt"/>
      </file>
      <file name="get-by-id.schema.ts" path="D:\Users\Victor.DESKTOP-BKFRIDB\Desktop\lambda-dynamodb-starter\lambda\notes\get-by-id\get-by-id.schema.ts">
        <metrics statements="2" coveredstatements="2" conditionals="0" coveredconditionals="0" methods="0" coveredmethods="0"/>
        <line num="1" count="2" type="stmt"/>
        <line num="3" count="2" type="stmt"/>
      </file>
      <file name="get-by-id.service.ts" path="D:\Users\Victor.DESKTOP-BKFRIDB\Desktop\lambda-dynamodb-starter\lambda\notes\get-by-id\get-by-id.service.ts">
        <metrics statements="6" coveredstatements="6" conditionals="0" coveredconditionals="0" methods="1" coveredmethods="1"/>
        <line num="1" count="2" type="stmt"/>
        <line num="2" count="2" type="stmt"/>
        <line num="4" count="2" type="stmt"/>
        <line num="5" count="2" type="stmt"/>
        <line num="10" count="2" type="stmt"/>
        <line num="12" count="2" type="stmt"/>
      </file>
    </package>
    <package name="notes.update">
      <metrics statements="26" coveredstatements="21" conditionals="10" coveredconditionals="3" methods="2" coveredmethods="2"/>
      <file name="update.handler.ts" path="D:\Users\Victor.DESKTOP-BKFRIDB\Desktop\lambda-dynamodb-starter\lambda\notes\update\update.handler.ts">
        <metrics statements="18" coveredstatements="13" conditionals="10" coveredconditionals="3" methods="1" coveredmethods="1"/>
        <line num="2" count="1" type="stmt"/>
        <line num="3" count="1" type="stmt"/>
        <line num="4" count="1" type="stmt"/>
        <line num="5" count="1" type="stmt"/>
        <line num="7" count="1" type="stmt"/>
        <line num="8" count="2" type="stmt"/>
        <line num="10" count="2" type="cond" truecount="2" falsecount="0"/>
        <line num="11" count="1" type="stmt"/>
        <line num="14" count="1" type="stmt"/>
        <line num="15" count="1" type="cond" truecount="1" falsecount="1"/>
        <line num="17" count="1" type="stmt"/>
        <line num="19" count="1" type="stmt"/>
        <line num="21" count="1" type="stmt"/>
        <line num="23" count="0" type="cond" truecount="0" falsecount="2"/>
        <line num="24" count="0" type="stmt"/>
        <line num="27" count="0" type="cond" truecount="0" falsecount="4"/>
        <line num="28" count="0" type="stmt"/>
        <line num="31" count="0" type="stmt"/>
      </file>
      <file name="update.schema.ts" path="D:\Users\Victor.DESKTOP-BKFRIDB\Desktop\lambda-dynamodb-starter\lambda\notes\update\update.schema.ts">
        <metrics statements="2" coveredstatements="2" conditionals="0" coveredconditionals="0" methods="0" coveredmethods="0"/>
        <line num="1" count="2" type="stmt"/>
        <line num="3" count="2" type="stmt"/>
      </file>
      <file name="update.service.ts" path="D:\Users\Victor.DESKTOP-BKFRIDB\Desktop\lambda-dynamodb-starter\lambda\notes\update\update.service.ts">
        <metrics statements="6" coveredstatements="6" conditionals="0" coveredconditionals="0" methods="1" coveredmethods="1"/>
        <line num="1" count="2" type="stmt"/>
        <line num="2" count="2" type="stmt"/>
        <line num="4" count="2" type="stmt"/>
        <line num="5" count="2" type="stmt"/>
        <line num="16" count="2" type="stmt"/>
        <line num="18" count="1" type="stmt"/>
      </file>
    </package>
    <package name="utils">
      <metrics statements="21" coveredstatements="21" conditionals="3" coveredconditionals="2" methods="7" coveredmethods="6"/>
      <file name="dynamoClient.ts" path="D:\Users\Victor.DESKTOP-BKFRIDB\Desktop\lambda-dynamodb-starter\lambda\utils\dynamoClient.ts">
        <metrics statements="4" coveredstatements="4" conditionals="0" coveredconditionals="0" methods="0" coveredmethods="0"/>
        <line num="1" count="5" type="stmt"/>
        <line num="2" count="5" type="stmt"/>
        <line num="4" count="5" type="stmt"/>
        <line num="5" count="5" type="stmt"/>
      </file>
      <file name="response.ts" path="D:\Users\Victor.DESKTOP-BKFRIDB\Desktop\lambda-dynamodb-starter\lambda\utils\response.ts">
        <metrics statements="7" coveredstatements="7" conditionals="1" coveredconditionals="0" methods="5" coveredmethods="4"/>
        <line num="1" count="5" type="stmt"/>
        <line num="7" count="9" type="stmt"/>
        <line num="13" count="5" type="stmt"/>
        <line num="15" count="5" type="stmt"/>
        <line num="16" count="3" type="stmt"/>
        <line num="18" count="5" type="cond" truecount="0" falsecount="1"/>
        <line num="20" count="5" type="stmt"/>
      </file>
      <file name="validate.ts" path="D:\Users\Victor.DESKTOP-BKFRIDB\Desktop\lambda-dynamodb-starter\lambda\utils\validate.ts">
        <metrics statements="10" coveredstatements="10" conditionals="2" coveredconditionals="2" methods="2" coveredmethods="2"/>
        <line num="3" count="4" type="stmt"/>
        <line num="4" count="6" type="stmt"/>
        <line num="5" count="6" type="cond" truecount="2" falsecount="0"/>
        <line num="6" count="1" type="stmt"/>
        <line num="7" count="1" type="stmt"/>
        <line num="9" count="5" type="stmt"/>
        <line num="12" count="4" type="stmt"/>
        <line num="15" count="1" type="stmt"/>
        <line num="16" count="1" type="stmt"/>
        <line num="17" count="1" type="stmt"/>
      </file>
    </package>
  </project>
</coverage>
