{"D:\\Users\\Victor.DESKTOP-BKFRIDB\\Desktop\\lambda-dynamodb-starter\\lambda\\notes\\create\\create.handler.ts": {"path":"D:\\Users\\Victor.DESKTOP-BKFRIDB\\Desktop\\lambda-dynamodb-starter\\lambda\\notes\\create\\create.handler.ts","statementMap":{"0":{"start":{"line":2,"column":0},"end":{"line":2,"column":51}},"1":{"start":{"line":3,"column":0},"end":{"line":3,"column":65}},"2":{"start":{"line":4,"column":0},"end":{"line":4,"column":75}},"3":{"start":{"line":5,"column":0},"end":{"line":5,"column":46}},"4":{"start":{"line":7,"column":23},"end":{"line":23,"column":1}},"5":{"start":{"line":8,"column":2},"end":{"line":22,"column":3}},"6":{"start":{"line":9,"column":17},"end":{"line":9,"column":47}},"7":{"start":{"line":11,"column":17},"end":{"line":11,"column":49}},"8":{"start":{"line":13,"column":17},"end":{"line":13,"column":39}},"9":{"start":{"line":15,"column":4},"end":{"line":15,"column":60}},"10":{"start":{"line":17,"column":4},"end":{"line":19,"column":5}},"11":{"start":{"line":18,"column":6},"end":{"line":18,"column":76}},"12":{"start":{"line":21,"column":4},"end":{"line":21,"column":27}},"13":{"start":{"line":7,"column":13},"end":{"line":7,"column":23}}},"fnMap":{"0":{"name":"(anonymous_0)","decl":{"start":{"line":7,"column":23},"end":{"line":7,"column":28}},"loc":{"start":{"line":7,"column":93},"end":{"line":23,"column":1}}}},"branchMap":{"0":{"loc":{"start":{"line":9,"column":28},"end":{"line":9,"column":46}},"type":"binary-expr","locations":[{"start":{"line":9,"column":28},"end":{"line":9,"column":38}},{"start":{"line":9,"column":42},"end":{"line":9,"column":46}}]},"1":{"loc":{"start":{"line":17,"column":4},"end":{"line":19,"column":5}},"type":"if","locations":[{"start":{"line":17,"column":4},"end":{"line":19,"column":5}},{"start":{},"end":{}}]}},"s":{"0":1,"1":1,"2":1,"3":1,"4":1,"5":2,"6":2,"7":2,"8":1,"9":1,"10":1,"11":1,"12":0,"13":1},"f":{"0":2},"b":{"0":[2,0],"1":[1,0]}}
,"D:\\Users\\Victor.DESKTOP-BKFRIDB\\Desktop\\lambda-dynamodb-starter\\lambda\\notes\\create\\create.schema.ts": {"path":"D:\\Users\\Victor.DESKTOP-BKFRIDB\\Desktop\\lambda-dynamodb-starter\\lambda\\notes\\create\\create.schema.ts","statementMap":{"0":{"start":{"line":1,"column":0},"end":{"line":1,"column":24}},"1":{"start":{"line":3,"column":13},"end":{"line":5,"column":3}}},"fnMap":{},"branchMap":{},"s":{"0":2,"1":2},"f":{},"b":{}}
,"D:\\Users\\Victor.DESKTOP-BKFRIDB\\Desktop\\lambda-dynamodb-starter\\lambda\\notes\\create\\create.service.ts": {"path":"D:\\Users\\Victor.DESKTOP-BKFRIDB\\Desktop\\lambda-dynamodb-starter\\lambda\\notes\\create\\create.service.ts","statementMap":{"0":{"start":{"line":1,"column":0},"end":{"line":1,"column":51}},"1":{"start":{"line":2,"column":0},"end":{"line":2,"column":53}},"2":{"start":{"line":4,"column":26},"end":{"line":19,"column":1}},"3":{"start":{"line":5,"column":15},"end":{"line":9,"column":4}},"4":{"start":{"line":11,"column":18},"end":{"line":14,"column":4}},"5":{"start":{"line":16,"column":2},"end":{"line":16,"column":32}},"6":{"start":{"line":18,"column":2},"end":{"line":18,"column":14}},"7":{"start":{"line":4,"column":13},"end":{"line":4,"column":26}}},"fnMap":{"0":{"name":"(anonymous_0)","decl":{"start":{"line":4,"column":26},"end":{"line":4,"column":31}},"loc":{"start":{"line":4,"column":62},"end":{"line":19,"column":1}}}},"branchMap":{},"s":{"0":2,"1":2,"2":2,"3":1,"4":1,"5":1,"6":1,"7":2},"f":{"0":1},"b":{}}
,"D:\\Users\\Victor.DESKTOP-BKFRIDB\\Desktop\\lambda-dynamodb-starter\\lambda\\notes\\delete\\delete.handler.ts": {"path":"D:\\Users\\Victor.DESKTOP-BKFRIDB\\Desktop\\lambda-dynamodb-starter\\lambda\\notes\\delete\\delete.handler.ts","statementMap":{"0":{"start":{"line":2,"column":0},"end":{"line":2,"column":51}},"1":{"start":{"line":3,"column":0},"end":{"line":3,"column":65}},"2":{"start":{"line":4,"column":0},"end":{"line":4,"column":79}},"3":{"start":{"line":5,"column":0},"end":{"line":5,"column":46}},"4":{"start":{"line":7,"column":23},"end":{"line":31,"column":1}},"5":{"start":{"line":8,"column":13},"end":{"line":8,"column":37}},"6":{"start":{"line":10,"column":2},"end":{"line":12,"column":3}},"7":{"start":{"line":11,"column":4},"end":{"line":11,"column":45}},"8":{"start":{"line":14,"column":2},"end":{"line":30,"column":3}},"9":{"start":{"line":15,"column":4},"end":{"line":15,"column":39}},"10":{"start":{"line":17,"column":19},"end":{"line":17,"column":39}},"11":{"start":{"line":19,"column":4},"end":{"line":19,"column":56}},"12":{"start":{"line":21,"column":4},"end":{"line":23,"column":5}},"13":{"start":{"line":22,"column":6},"end":{"line":22,"column":76}},"14":{"start":{"line":25,"column":4},"end":{"line":27,"column":5}},"15":{"start":{"line":26,"column":6},"end":{"line":26,"column":56}},"16":{"start":{"line":29,"column":4},"end":{"line":29,"column":27}},"17":{"start":{"line":7,"column":13},"end":{"line":7,"column":23}}},"fnMap":{"0":{"name":"(anonymous_0)","decl":{"start":{"line":7,"column":23},"end":{"line":7,"column":28}},"loc":{"start":{"line":7,"column":93},"end":{"line":31,"column":1}}}},"branchMap":{"0":{"loc":{"start":{"line":10,"column":2},"end":{"line":12,"column":3}},"type":"if","locations":[{"start":{"line":10,"column":2},"end":{"line":12,"column":3}},{"start":{},"end":{}}]},"1":{"loc":{"start":{"line":21,"column":4},"end":{"line":23,"column":5}},"type":"if","locations":[{"start":{"line":21,"column":4},"end":{"line":23,"column":5}},{"start":{},"end":{}}]},"2":{"loc":{"start":{"line":25,"column":4},"end":{"line":27,"column":5}},"type":"if","locations":[{"start":{"line":25,"column":4},"end":{"line":27,"column":5}},{"start":{},"end":{}}]},"3":{"loc":{"start":{"line":25,"column":8},"end":{"line":25,"column":82}},"type":"binary-expr","locations":[{"start":{"line":25,"column":8},"end":{"line":25,"column":30}},{"start":{"line":25,"column":34},"end":{"line":25,"column":82}}]}},"s":{"0":1,"1":1,"2":1,"3":1,"4":1,"5":2,"6":2,"7":1,"8":1,"9":1,"10":1,"11":1,"12":0,"13":0,"14":0,"15":0,"16":0,"17":1},"f":{"0":2},"b":{"0":[1,1],"1":[0,0],"2":[0,0],"3":[0,0]}}
,"D:\\Users\\Victor.DESKTOP-BKFRIDB\\Desktop\\lambda-dynamodb-starter\\lambda\\notes\\delete\\delete.schema.ts": {"path":"D:\\Users\\Victor.DESKTOP-BKFRIDB\\Desktop\\lambda-dynamodb-starter\\lambda\\notes\\delete\\delete.schema.ts","statementMap":{"0":{"start":{"line":1,"column":0},"end":{"line":1,"column":24}},"1":{"start":{"line":3,"column":13},"end":{"line":5,"column":3}}},"fnMap":{},"branchMap":{},"s":{"0":2,"1":2},"f":{},"b":{}}
,"D:\\Users\\Victor.DESKTOP-BKFRIDB\\Desktop\\lambda-dynamodb-starter\\lambda\\notes\\delete\\delete.service.ts": {"path":"D:\\Users\\Victor.DESKTOP-BKFRIDB\\Desktop\\lambda-dynamodb-starter\\lambda\\notes\\delete\\delete.service.ts","statementMap":{"0":{"start":{"line":1,"column":0},"end":{"line":1,"column":54}},"1":{"start":{"line":2,"column":0},"end":{"line":2,"column":53}},"2":{"start":{"line":4,"column":26},"end":{"line":14,"column":1}},"3":{"start":{"line":5,"column":18},"end":{"line":9,"column":4}},"4":{"start":{"line":11,"column":2},"end":{"line":11,"column":32}},"5":{"start":{"line":13,"column":2},"end":{"line":13,"column":16}},"6":{"start":{"line":4,"column":13},"end":{"line":4,"column":26}}},"fnMap":{"0":{"name":"(anonymous_0)","decl":{"start":{"line":4,"column":26},"end":{"line":4,"column":31}},"loc":{"start":{"line":4,"column":47},"end":{"line":14,"column":1}}}},"branchMap":{},"s":{"0":2,"1":2,"2":2,"3":2,"4":2,"5":1,"6":2},"f":{"0":2},"b":{}}
,"D:\\Users\\Victor.DESKTOP-BKFRIDB\\Desktop\\lambda-dynamodb-starter\\lambda\\notes\\get-all\\get-all.handler.ts": {"path":"D:\\Users\\Victor.DESKTOP-BKFRIDB\\Desktop\\lambda-dynamodb-starter\\lambda\\notes\\get-all\\get-all.handler.ts","statementMap":{"0":{"start":{"line":2,"column":0},"end":{"line":2,"column":57}},"1":{"start":{"line":3,"column":0},"end":{"line":3,"column":48}},"2":{"start":{"line":5,"column":23},"end":{"line":14,"column":1}},"3":{"start":{"line":6,"column":2},"end":{"line":13,"column":3}},"4":{"start":{"line":7,"column":18},"end":{"line":7,"column":37}},"5":{"start":{"line":9,"column":4},"end":{"line":9,"column":25}},"6":{"start":{"line":12,"column":4},"end":{"line":12,"column":27}},"7":{"start":{"line":5,"column":13},"end":{"line":5,"column":23}}},"fnMap":{"0":{"name":"(anonymous_0)","decl":{"start":{"line":5,"column":23},"end":{"line":5,"column":28}},"loc":{"start":{"line":5,"column":66},"end":{"line":14,"column":1}}}},"branchMap":{},"s":{"0":1,"1":1,"2":1,"3":1,"4":1,"5":1,"6":0,"7":1},"f":{"0":1},"b":{}}
,"D:\\Users\\Victor.DESKTOP-BKFRIDB\\Desktop\\lambda-dynamodb-starter\\lambda\\notes\\get-all\\get-all.service.ts": {"path":"D:\\Users\\Victor.DESKTOP-BKFRIDB\\Desktop\\lambda-dynamodb-starter\\lambda\\notes\\get-all\\get-all.service.ts","statementMap":{"0":{"start":{"line":1,"column":0},"end":{"line":1,"column":55}},"1":{"start":{"line":3,"column":0},"end":{"line":3,"column":53}},"2":{"start":{"line":5,"column":27},"end":{"line":18,"column":1}},"3":{"start":{"line":6,"column":18},"end":{"line":6,"column":73}},"4":{"start":{"line":8,"column":17},"end":{"line":8,"column":46}},"5":{"start":{"line":11,"column":4},"end":{"line":15,"column":13}},"6":{"start":{"line":11,"column":33},"end":{"line":15,"column":6}},"7":{"start":{"line":17,"column":2},"end":{"line":17,"column":21}},"8":{"start":{"line":5,"column":13},"end":{"line":5,"column":27}}},"fnMap":{"0":{"name":"(anonymous_0)","decl":{"start":{"line":5,"column":27},"end":{"line":5,"column":32}},"loc":{"start":{"line":5,"column":38},"end":{"line":18,"column":1}}},"1":{"name":"(anonymous_1)","decl":{"start":{"line":11,"column":22},"end":{"line":11,"column":23}},"loc":{"start":{"line":11,"column":33},"end":{"line":15,"column":6}}}},"branchMap":{"0":{"loc":{"start":{"line":11,"column":4},"end":{"line":15,"column":13}},"type":"binary-expr","locations":[{"start":{"line":11,"column":4},"end":{"line":15,"column":7}},{"start":{"line":15,"column":11},"end":{"line":15,"column":13}}]},"1":{"loc":{"start":{"line":17,"column":9},"end":{"line":17,"column":20}},"type":"binary-expr","locations":[{"start":{"line":17,"column":9},"end":{"line":17,"column":14}},{"start":{"line":17,"column":18},"end":{"line":17,"column":20}}]}},"s":{"0":2,"1":2,"2":2,"3":2,"4":2,"5":2,"6":2,"7":2,"8":2},"f":{"0":2,"1":2},"b":{"0":[2,1],"1":[2,0]}}
,"D:\\Users\\Victor.DESKTOP-BKFRIDB\\Desktop\\lambda-dynamodb-starter\\lambda\\notes\\get-by-id\\get-by-id.handler.ts": {"path":"D:\\Users\\Victor.DESKTOP-BKFRIDB\\Desktop\\lambda-dynamodb-starter\\lambda\\notes\\get-by-id\\get-by-id.handler.ts","statementMap":{"0":{"start":{"line":2,"column":0},"end":{"line":2,"column":55}},"1":{"start":{"line":3,"column":0},"end":{"line":3,"column":65}},"2":{"start":{"line":4,"column":0},"end":{"line":4,"column":79}},"3":{"start":{"line":5,"column":0},"end":{"line":5,"column":50}},"4":{"start":{"line":7,"column":23},"end":{"line":31,"column":1}},"5":{"start":{"line":8,"column":13},"end":{"line":8,"column":37}},"6":{"start":{"line":10,"column":2},"end":{"line":12,"column":3}},"7":{"start":{"line":11,"column":4},"end":{"line":11,"column":45}},"8":{"start":{"line":14,"column":2},"end":{"line":30,"column":3}},"9":{"start":{"line":15,"column":4},"end":{"line":15,"column":40}},"10":{"start":{"line":17,"column":17},"end":{"line":17,"column":38}},"11":{"start":{"line":19,"column":4},"end":{"line":21,"column":5}},"12":{"start":{"line":20,"column":6},"end":{"line":20,"column":56}},"13":{"start":{"line":23,"column":4},"end":{"line":23,"column":24}},"14":{"start":{"line":25,"column":4},"end":{"line":27,"column":5}},"15":{"start":{"line":26,"column":6},"end":{"line":26,"column":76}},"16":{"start":{"line":29,"column":4},"end":{"line":29,"column":27}},"17":{"start":{"line":7,"column":13},"end":{"line":7,"column":23}}},"fnMap":{"0":{"name":"(anonymous_0)","decl":{"start":{"line":7,"column":23},"end":{"line":7,"column":28}},"loc":{"start":{"line":7,"column":93},"end":{"line":31,"column":1}}}},"branchMap":{"0":{"loc":{"start":{"line":10,"column":2},"end":{"line":12,"column":3}},"type":"if","locations":[{"start":{"line":10,"column":2},"end":{"line":12,"column":3}},{"start":{},"end":{}}]},"1":{"loc":{"start":{"line":19,"column":4},"end":{"line":21,"column":5}},"type":"if","locations":[{"start":{"line":19,"column":4},"end":{"line":21,"column":5}},{"start":{},"end":{}}]},"2":{"loc":{"start":{"line":25,"column":4},"end":{"line":27,"column":5}},"type":"if","locations":[{"start":{"line":25,"column":4},"end":{"line":27,"column":5}},{"start":{},"end":{}}]}},"s":{"0":1,"1":1,"2":1,"3":1,"4":1,"5":2,"6":2,"7":0,"8":2,"9":2,"10":2,"11":2,"12":1,"13":1,"14":0,"15":0,"16":0,"17":1},"f":{"0":2},"b":{"0":[0,2],"1":[1,1],"2":[0,0]}}
,"D:\\Users\\Victor.DESKTOP-BKFRIDB\\Desktop\\lambda-dynamodb-starter\\lambda\\notes\\get-by-id\\get-by-id.schema.ts": {"path":"D:\\Users\\Victor.DESKTOP-BKFRIDB\\Desktop\\lambda-dynamodb-starter\\lambda\\notes\\get-by-id\\get-by-id.schema.ts","statementMap":{"0":{"start":{"line":1,"column":0},"end":{"line":1,"column":24}},"1":{"start":{"line":3,"column":13},"end":{"line":5,"column":3}}},"fnMap":{},"branchMap":{},"s":{"0":2,"1":2},"f":{},"b":{}}
,"D:\\Users\\Victor.DESKTOP-BKFRIDB\\Desktop\\lambda-dynamodb-starter\\lambda\\notes\\get-by-id\\get-by-id.service.ts": {"path":"D:\\Users\\Victor.DESKTOP-BKFRIDB\\Desktop\\lambda-dynamodb-starter\\lambda\\notes\\get-by-id\\get-by-id.service.ts","statementMap":{"0":{"start":{"line":1,"column":0},"end":{"line":1,"column":51}},"1":{"start":{"line":2,"column":0},"end":{"line":2,"column":53}},"2":{"start":{"line":4,"column":27},"end":{"line":13,"column":1}},"3":{"start":{"line":5,"column":18},"end":{"line":8,"column":4}},"4":{"start":{"line":10,"column":17},"end":{"line":10,"column":46}},"5":{"start":{"line":12,"column":2},"end":{"line":12,"column":21}},"6":{"start":{"line":4,"column":13},"end":{"line":4,"column":27}}},"fnMap":{"0":{"name":"(anonymous_0)","decl":{"start":{"line":4,"column":27},"end":{"line":4,"column":32}},"loc":{"start":{"line":4,"column":48},"end":{"line":13,"column":1}}}},"branchMap":{},"s":{"0":2,"1":2,"2":2,"3":2,"4":2,"5":2,"6":2},"f":{"0":2},"b":{}}
,"D:\\Users\\Victor.DESKTOP-BKFRIDB\\Desktop\\lambda-dynamodb-starter\\lambda\\notes\\update\\update.handler.ts": {"path":"D:\\Users\\Victor.DESKTOP-BKFRIDB\\Desktop\\lambda-dynamodb-starter\\lambda\\notes\\update\\update.handler.ts","statementMap":{"0":{"start":{"line":2,"column":0},"end":{"line":2,"column":51}},"1":{"start":{"line":3,"column":0},"end":{"line":3,"column":65}},"2":{"start":{"line":4,"column":0},"end":{"line":4,"column":79}},"3":{"start":{"line":5,"column":0},"end":{"line":5,"column":46}},"4":{"start":{"line":7,"column":23},"end":{"line":33,"column":1}},"5":{"start":{"line":8,"column":13},"end":{"line":8,"column":37}},"6":{"start":{"line":10,"column":2},"end":{"line":12,"column":3}},"7":{"start":{"line":11,"column":4},"end":{"line":11,"column":45}},"8":{"start":{"line":14,"column":2},"end":{"line":32,"column":3}},"9":{"start":{"line":15,"column":17},"end":{"line":15,"column":47}},"10":{"start":{"line":17,"column":24},"end":{"line":17,"column":56}},"11":{"start":{"line":19,"column":19},"end":{"line":19,"column":48}},"12":{"start":{"line":21,"column":4},"end":{"line":21,"column":57}},"13":{"start":{"line":23,"column":4},"end":{"line":25,"column":5}},"14":{"start":{"line":24,"column":6},"end":{"line":24,"column":76}},"15":{"start":{"line":27,"column":4},"end":{"line":29,"column":5}},"16":{"start":{"line":28,"column":6},"end":{"line":28,"column":56}},"17":{"start":{"line":31,"column":4},"end":{"line":31,"column":27}},"18":{"start":{"line":7,"column":13},"end":{"line":7,"column":23}}},"fnMap":{"0":{"name":"(anonymous_0)","decl":{"start":{"line":7,"column":23},"end":{"line":7,"column":28}},"loc":{"start":{"line":7,"column":93},"end":{"line":33,"column":1}}}},"branchMap":{"0":{"loc":{"start":{"line":10,"column":2},"end":{"line":12,"column":3}},"type":"if","locations":[{"start":{"line":10,"column":2},"end":{"line":12,"column":3}},{"start":{},"end":{}}]},"1":{"loc":{"start":{"line":15,"column":28},"end":{"line":15,"column":46}},"type":"binary-expr","locations":[{"start":{"line":15,"column":28},"end":{"line":15,"column":38}},{"start":{"line":15,"column":42},"end":{"line":15,"column":46}}]},"2":{"loc":{"start":{"line":23,"column":4},"end":{"line":25,"column":5}},"type":"if","locations":[{"start":{"line":23,"column":4},"end":{"line":25,"column":5}},{"start":{},"end":{}}]},"3":{"loc":{"start":{"line":27,"column":4},"end":{"line":29,"column":5}},"type":"if","locations":[{"start":{"line":27,"column":4},"end":{"line":29,"column":5}},{"start":{},"end":{}}]},"4":{"loc":{"start":{"line":27,"column":8},"end":{"line":27,"column":82}},"type":"binary-expr","locations":[{"start":{"line":27,"column":8},"end":{"line":27,"column":30}},{"start":{"line":27,"column":34},"end":{"line":27,"column":82}}]}},"s":{"0":1,"1":1,"2":1,"3":1,"4":1,"5":2,"6":2,"7":1,"8":1,"9":1,"10":1,"11":1,"12":1,"13":0,"14":0,"15":0,"16":0,"17":0,"18":1},"f":{"0":2},"b":{"0":[1,1],"1":[1,0],"2":[0,0],"3":[0,0],"4":[0,0]}}
,"D:\\Users\\Victor.DESKTOP-BKFRIDB\\Desktop\\lambda-dynamodb-starter\\lambda\\notes\\update\\update.schema.ts": {"path":"D:\\Users\\Victor.DESKTOP-BKFRIDB\\Desktop\\lambda-dynamodb-starter\\lambda\\notes\\update\\update.schema.ts","statementMap":{"0":{"start":{"line":1,"column":0},"end":{"line":1,"column":24}},"1":{"start":{"line":3,"column":13},"end":{"line":5,"column":3}}},"fnMap":{},"branchMap":{},"s":{"0":2,"1":2},"f":{},"b":{}}
,"D:\\Users\\Victor.DESKTOP-BKFRIDB\\Desktop\\lambda-dynamodb-starter\\lambda\\notes\\update\\update.service.ts": {"path":"D:\\Users\\Victor.DESKTOP-BKFRIDB\\Desktop\\lambda-dynamodb-starter\\lambda\\notes\\update\\update.service.ts","statementMap":{"0":{"start":{"line":1,"column":0},"end":{"line":1,"column":54}},"1":{"start":{"line":2,"column":0},"end":{"line":2,"column":53}},"2":{"start":{"line":4,"column":26},"end":{"line":19,"column":1}},"3":{"start":{"line":5,"column":18},"end":{"line":14,"column":4}},"4":{"start":{"line":16,"column":17},"end":{"line":16,"column":46}},"5":{"start":{"line":18,"column":2},"end":{"line":18,"column":27}},"6":{"start":{"line":4,"column":13},"end":{"line":4,"column":26}}},"fnMap":{"0":{"name":"(anonymous_0)","decl":{"start":{"line":4,"column":26},"end":{"line":4,"column":31}},"loc":{"start":{"line":4,"column":64},"end":{"line":19,"column":1}}}},"branchMap":{},"s":{"0":2,"1":2,"2":2,"3":2,"4":2,"5":1,"6":2},"f":{"0":2},"b":{}}
,"D:\\Users\\Victor.DESKTOP-BKFRIDB\\Desktop\\lambda-dynamodb-starter\\lambda\\utils\\dynamoClient.ts": {"path":"D:\\Users\\Victor.DESKTOP-BKFRIDB\\Desktop\\lambda-dynamodb-starter\\lambda\\utils\\dynamoClient.ts","statementMap":{"0":{"start":{"line":1,"column":0},"end":{"line":1,"column":58}},"1":{"start":{"line":2,"column":0},"end":{"line":2,"column":63}},"2":{"start":{"line":4,"column":15},"end":{"line":4,"column":37}},"3":{"start":{"line":5,"column":13},"end":{"line":5,"column":61}}},"fnMap":{},"branchMap":{},"s":{"0":5,"1":5,"2":5,"3":5},"f":{},"b":{}}
,"D:\\Users\\Victor.DESKTOP-BKFRIDB\\Desktop\\lambda-dynamodb-starter\\lambda\\utils\\response.ts": {"path":"D:\\Users\\Victor.DESKTOP-BKFRIDB\\Desktop\\lambda-dynamodb-starter\\lambda\\utils\\response.ts","statementMap":{"0":{"start":{"line":1,"column":13},"end":{"line":5,"column":2}},"1":{"start":{"line":7,"column":24},"end":{"line":11,"column":2}},"2":{"start":{"line":7,"column":63},"end":{"line":11,"column":2}},"3":{"start":{"line":7,"column":13},"end":{"line":7,"column":24}},"4":{"start":{"line":13,"column":18},"end":{"line":13,"column":55}},"5":{"start":{"line":13,"column":36},"end":{"line":13,"column":55}},"6":{"start":{"line":13,"column":13},"end":{"line":13,"column":18}},"7":{"start":{"line":15,"column":26},"end":{"line":16,"column":36}},"8":{"start":{"line":16,"column":2},"end":{"line":16,"column":36}},"9":{"start":{"line":15,"column":13},"end":{"line":15,"column":26}},"10":{"start":{"line":18,"column":24},"end":{"line":18,"column":82}},"11":{"start":{"line":18,"column":56},"end":{"line":18,"column":82}},"12":{"start":{"line":18,"column":13},"end":{"line":18,"column":24}},"13":{"start":{"line":20,"column":29},"end":{"line":20,"column":86}},"14":{"start":{"line":20,"column":35},"end":{"line":20,"column":86}},"15":{"start":{"line":20,"column":13},"end":{"line":20,"column":29}}},"fnMap":{"0":{"name":"(anonymous_0)","decl":{"start":{"line":7,"column":24},"end":{"line":7,"column":25}},"loc":{"start":{"line":7,"column":63},"end":{"line":11,"column":2}}},"1":{"name":"(anonymous_1)","decl":{"start":{"line":13,"column":18},"end":{"line":13,"column":19}},"loc":{"start":{"line":13,"column":36},"end":{"line":13,"column":55}}},"2":{"name":"(anonymous_2)","decl":{"start":{"line":15,"column":26},"end":{"line":15,"column":27}},"loc":{"start":{"line":16,"column":2},"end":{"line":16,"column":36}}},"3":{"name":"(anonymous_3)","decl":{"start":{"line":18,"column":24},"end":{"line":18,"column":25}},"loc":{"start":{"line":18,"column":56},"end":{"line":18,"column":82}}},"4":{"name":"(anonymous_4)","decl":{"start":{"line":20,"column":29},"end":{"line":20,"column":32}},"loc":{"start":{"line":20,"column":35},"end":{"line":20,"column":86}}}},"branchMap":{"0":{"loc":{"start":{"line":18,"column":25},"end":{"line":18,"column":51}},"type":"default-arg","locations":[{"start":{"line":18,"column":35},"end":{"line":18,"column":51}}]}},"s":{"0":5,"1":5,"2":9,"3":5,"4":5,"5":4,"6":5,"7":5,"8":3,"9":5,"10":5,"11":1,"12":5,"13":5,"14":0,"15":5},"f":{"0":9,"1":4,"2":3,"3":1,"4":0},"b":{"0":[0]}}
,"D:\\Users\\Victor.DESKTOP-BKFRIDB\\Desktop\\lambda-dynamodb-starter\\lambda\\utils\\validate.ts": {"path":"D:\\Users\\Victor.DESKTOP-BKFRIDB\\Desktop\\lambda-dynamodb-starter\\lambda\\utils\\validate.ts","statementMap":{"0":{"start":{"line":3,"column":24},"end":{"line":10,"column":1}},"1":{"start":{"line":4,"column":17},"end":{"line":4,"column":39}},"2":{"start":{"line":5,"column":2},"end":{"line":8,"column":3}},"3":{"start":{"line":6,"column":18},"end":{"line":6,"column":51}},"4":{"start":{"line":7,"column":4},"end":{"line":7,"column":16}},"5":{"start":{"line":9,"column":2},"end":{"line":9,"column":21}},"6":{"start":{"line":3,"column":13},"end":{"line":3,"column":24}},"7":{"start":{"line":15,"column":4},"end":{"line":15,"column":31}},"8":{"start":{"line":16,"column":4},"end":{"line":16,"column":25}},"9":{"start":{"line":17,"column":4},"end":{"line":17,"column":59}},"10":{"start":{"line":12,"column":0},"end":{"line":12,"column":13}}},"fnMap":{"0":{"name":"(anonymous_0)","decl":{"start":{"line":3,"column":24},"end":{"line":3,"column":28}},"loc":{"start":{"line":3,"column":67},"end":{"line":10,"column":1}}},"1":{"name":"(anonymous_1)","decl":{"start":{"line":14,"column":2},"end":{"line":14,"column":14}},"loc":{"start":{"line":14,"column":29},"end":{"line":18,"column":3}}}},"branchMap":{"0":{"loc":{"start":{"line":5,"column":2},"end":{"line":8,"column":3}},"type":"if","locations":[{"start":{"line":5,"column":2},"end":{"line":8,"column":3}},{"start":{},"end":{}}]}},"s":{"0":4,"1":6,"2":6,"3":1,"4":1,"5":5,"6":4,"7":1,"8":1,"9":1,"10":4},"f":{"0":6,"1":1},"b":{"0":[1,5]}}
}
