TN:
SF:lambda\notes\create\create.handler.ts
FN:7,(anonymous_0)
FNF:1
FNH:1
FNDA:4,(anonymous_0)
DA:2,1
DA:3,1
DA:4,1
DA:5,1
DA:7,1
DA:8,4
DA:9,4
DA:11,3
DA:13,1
DA:15,1
DA:17,3
DA:18,2
DA:21,1
LF:13
LH:13
BRDA:9,0,0,4
BRDA:9,0,1,1
BRDA:17,1,0,2
BRDA:17,1,1,1
BRF:4
BRH:4
end_of_record
TN:
SF:lambda\notes\create\create.schema.ts
FNF:0
FNH:0
DA:1,2
DA:3,2
LF:2
LH:2
BRF:0
BRH:0
end_of_record
TN:
SF:lambda\notes\create\create.service.ts
FN:4,(anonymous_0)
FNF:1
FNH:1
FNDA:1,(anonymous_0)
DA:1,2
DA:2,2
DA:4,2
DA:5,1
DA:11,1
DA:16,1
DA:18,1
LF:7
LH:7
BRF:0
BRH:0
end_of_record
TN:
SF:lambda\notes\delete\delete.handler.ts
FN:7,(anonymous_0)
FNF:1
FNH:1
FNDA:6,(anonymous_0)
DA:2,1
DA:3,1
DA:4,1
DA:5,1
DA:7,1
DA:8,6
DA:10,6
DA:11,1
DA:14,5
DA:15,5
DA:17,3
DA:19,1
DA:21,4
DA:22,2
DA:25,2
DA:26,1
DA:29,1
LF:17
LH:17
BRDA:10,0,0,1
BRDA:10,0,1,5
BRDA:21,1,0,2
BRDA:21,1,1,2
BRDA:25,2,0,1
BRDA:25,2,1,1
BRDA:25,3,0,2
BRDA:25,3,1,2
BRF:8
BRH:8
end_of_record
TN:
SF:lambda\notes\delete\delete.schema.ts
FNF:0
FNH:0
DA:1,2
DA:3,2
LF:2
LH:2
BRF:0
BRH:0
end_of_record
TN:
SF:lambda\notes\delete\delete.service.ts
FN:4,(anonymous_0)
FNF:1
FNH:1
FNDA:2,(anonymous_0)
DA:1,2
DA:2,2
DA:4,2
DA:5,2
DA:11,2
DA:13,1
LF:6
LH:6
BRF:0
BRH:0
end_of_record
TN:
SF:lambda\notes\get-all\get-all.handler.ts
FN:5,(anonymous_0)
FNF:1
FNH:1
FNDA:2,(anonymous_0)
DA:2,1
DA:3,1
DA:5,1
DA:6,2
DA:7,2
DA:9,1
DA:12,1
LF:7
LH:7
BRF:0
BRH:0
end_of_record
TN:
SF:lambda\notes\get-all\get-all.service.ts
FN:5,(anonymous_0)
FN:11,(anonymous_1)
FNF:2
FNH:2
FNDA:2,(anonymous_0)
FNDA:2,(anonymous_1)
DA:1,2
DA:3,2
DA:5,2
DA:6,2
DA:8,2
DA:11,2
DA:17,2
LF:7
LH:7
BRDA:11,0,0,2
BRDA:11,0,1,1
BRF:2
BRH:2
end_of_record
TN:
SF:lambda\notes\get-by-id\get-by-id.handler.ts
FN:7,(anonymous_0)
FNF:1
FNH:1
FNDA:6,(anonymous_0)
DA:2,1
DA:3,1
DA:4,1
DA:5,1
DA:7,1
DA:8,6
DA:10,6
DA:11,1
DA:14,5
DA:15,5
DA:17,3
DA:19,2
DA:20,1
DA:23,1
DA:25,3
DA:26,2
DA:29,1
LF:17
LH:17
BRDA:10,0,0,1
BRDA:10,0,1,5
BRDA:19,1,0,1
BRDA:19,1,1,1
BRDA:25,2,0,2
BRDA:25,2,1,1
BRF:6
BRH:6
end_of_record
TN:
SF:lambda\notes\get-by-id\get-by-id.schema.ts
FNF:0
FNH:0
DA:1,2
DA:3,2
LF:2
LH:2
BRF:0
BRH:0
end_of_record
TN:
SF:lambda\notes\get-by-id\get-by-id.service.ts
FN:4,(anonymous_0)
FNF:1
FNH:1
FNDA:2,(anonymous_0)
DA:1,2
DA:2,2
DA:4,2
DA:5,2
DA:10,2
DA:12,2
LF:6
LH:6
BRF:0
BRH:0
end_of_record
TN:
SF:lambda\notes\update\update.handler.ts
FN:7,(anonymous_0)
FNF:1
FNH:1
FNDA:6,(anonymous_0)
DA:2,1
DA:3,1
DA:4,1
DA:5,1
DA:7,1
DA:8,6
DA:10,6
DA:11,1
DA:14,5
DA:15,5
DA:17,4
DA:19,2
DA:21,1
DA:23,4
DA:24,2
DA:27,2
DA:28,1
DA:31,1
LF:18
LH:18
BRDA:10,0,0,1
BRDA:10,0,1,5
BRDA:15,1,0,5
BRDA:15,1,1,1
BRDA:23,2,0,2
BRDA:23,2,1,2
BRDA:27,3,0,1
BRDA:27,3,1,1
BRDA:27,4,0,2
BRDA:27,4,1,2
BRF:10
BRH:10
end_of_record
TN:
SF:lambda\notes\update\update.schema.ts
FNF:0
FNH:0
DA:1,2
DA:3,2
LF:2
LH:2
BRF:0
BRH:0
end_of_record
TN:
SF:lambda\notes\update\update.service.ts
FN:4,(anonymous_0)
FNF:1
FNH:1
FNDA:2,(anonymous_0)
DA:1,2
DA:2,2
DA:4,2
DA:5,2
DA:16,2
DA:18,1
LF:6
LH:6
BRF:0
BRH:0
end_of_record
TN:
SF:lambda\utils\dynamoClient.ts
FNF:0
FNH:0
DA:1,6
DA:2,6
DA:4,6
DA:5,6
LF:4
LH:4
BRF:0
BRH:0
end_of_record
TN:
SF:lambda\utils\response.ts
FN:7,(anonymous_0)
FN:13,(anonymous_1)
FN:15,(anonymous_2)
FN:18,(anonymous_3)
FN:20,(anonymous_4)
FNF:5
FNH:5
FNDA:31,(anonymous_0)
FNDA:5,(anonymous_1)
FNDA:13,(anonymous_2)
FNDA:5,(anonymous_3)
FNDA:6,(anonymous_4)
DA:1,6
DA:7,31
DA:13,6
DA:15,6
DA:16,13
DA:18,6
DA:20,6
LF:7
LH:7
BRDA:18,0,0,1
BRF:1
BRH:1
end_of_record
TN:
SF:lambda\utils\validate.ts
FN:3,(anonymous_0)
FN:14,(anonymous_1)
FNF:2
FNH:2
FNDA:20,(anonymous_0)
FNDA:10,(anonymous_1)
DA:3,5
DA:4,20
DA:5,20
DA:6,10
DA:7,10
DA:9,10
DA:12,5
DA:15,10
DA:16,10
DA:17,10
LF:10
LH:10
BRDA:5,0,0,10
BRDA:5,0,1,10
BRF:2
BRH:2
end_of_record
