TN:
SF:lambda\notes\create\create.handler.ts
FN:7,(anonymous_0)
FNF:1
FNH:1
FNDA:2,(anonymous_0)
DA:2,1
DA:3,1
DA:4,1
DA:5,1
DA:7,1
DA:8,2
DA:9,2
DA:11,2
DA:13,1
DA:15,1
DA:17,1
DA:18,1
DA:21,0
LF:13
LH:12
BRDA:9,0,0,2
BRDA:9,0,1,0
BRDA:17,1,0,1
BRDA:17,1,1,0
BRF:4
BRH:2
end_of_record
TN:
SF:lambda\notes\create\create.schema.ts
FNF:0
FNH:0
DA:1,2
DA:3,2
LF:2
LH:2
BRF:0
BRH:0
end_of_record
TN:
SF:lambda\notes\create\create.service.ts
FN:4,(anonymous_0)
FNF:1
FNH:1
FNDA:1,(anonymous_0)
DA:1,2
DA:2,2
DA:4,2
DA:5,1
DA:11,1
DA:16,1
DA:18,1
LF:7
LH:7
BRF:0
BRH:0
end_of_record
TN:
SF:lambda\notes\delete\delete.handler.ts
FN:7,(anonymous_0)
FNF:1
FNH:1
FNDA:2,(anonymous_0)
DA:2,1
DA:3,1
DA:4,1
DA:5,1
DA:7,1
DA:8,2
DA:10,2
DA:11,1
DA:14,1
DA:15,1
DA:17,1
DA:19,1
DA:21,0
DA:22,0
DA:25,0
DA:26,0
DA:29,0
LF:17
LH:12
BRDA:10,0,0,1
BRDA:10,0,1,1
BRDA:21,1,0,0
BRDA:21,1,1,0
BRDA:25,2,0,0
BRDA:25,2,1,0
BRDA:25,3,0,0
BRDA:25,3,1,0
BRF:8
BRH:2
end_of_record
TN:
SF:lambda\notes\delete\delete.schema.ts
FNF:0
FNH:0
DA:1,2
DA:3,2
LF:2
LH:2
BRF:0
BRH:0
end_of_record
TN:
SF:lambda\notes\delete\delete.service.ts
FN:4,(anonymous_0)
FNF:1
FNH:1
FNDA:2,(anonymous_0)
DA:1,2
DA:2,2
DA:4,2
DA:5,2
DA:11,2
DA:13,1
LF:6
LH:6
BRF:0
BRH:0
end_of_record
TN:
SF:lambda\notes\get-all\get-all.handler.ts
FN:5,(anonymous_0)
FNF:1
FNH:1
FNDA:1,(anonymous_0)
DA:2,1
DA:3,1
DA:5,1
DA:6,1
DA:7,1
DA:9,1
DA:12,0
LF:7
LH:6
BRF:0
BRH:0
end_of_record
TN:
SF:lambda\notes\get-all\get-all.service.ts
FN:5,(anonymous_0)
FN:11,(anonymous_1)
FNF:2
FNH:2
FNDA:2,(anonymous_0)
FNDA:2,(anonymous_1)
DA:1,2
DA:3,2
DA:5,2
DA:6,2
DA:8,2
DA:11,2
DA:17,2
LF:7
LH:7
BRDA:11,0,0,2
BRDA:11,0,1,1
BRDA:17,1,0,2
BRDA:17,1,1,0
BRF:4
BRH:3
end_of_record
TN:
SF:lambda\notes\get-by-id\get-by-id.handler.ts
FN:7,(anonymous_0)
FNF:1
FNH:1
FNDA:2,(anonymous_0)
DA:2,1
DA:3,1
DA:4,1
DA:5,1
DA:7,1
DA:8,2
DA:10,2
DA:11,0
DA:14,2
DA:15,2
DA:17,2
DA:19,2
DA:20,1
DA:23,1
DA:25,0
DA:26,0
DA:29,0
LF:17
LH:13
BRDA:10,0,0,0
BRDA:10,0,1,2
BRDA:19,1,0,1
BRDA:19,1,1,1
BRDA:25,2,0,0
BRDA:25,2,1,0
BRF:6
BRH:3
end_of_record
TN:
SF:lambda\notes\get-by-id\get-by-id.schema.ts
FNF:0
FNH:0
DA:1,2
DA:3,2
LF:2
LH:2
BRF:0
BRH:0
end_of_record
TN:
SF:lambda\notes\get-by-id\get-by-id.service.ts
FN:4,(anonymous_0)
FNF:1
FNH:1
FNDA:2,(anonymous_0)
DA:1,2
DA:2,2
DA:4,2
DA:5,2
DA:10,2
DA:12,2
LF:6
LH:6
BRF:0
BRH:0
end_of_record
TN:
SF:lambda\notes\update\update.handler.ts
FN:7,(anonymous_0)
FNF:1
FNH:1
FNDA:2,(anonymous_0)
DA:2,1
DA:3,1
DA:4,1
DA:5,1
DA:7,1
DA:8,2
DA:10,2
DA:11,1
DA:14,1
DA:15,1
DA:17,1
DA:19,1
DA:21,1
DA:23,0
DA:24,0
DA:27,0
DA:28,0
DA:31,0
LF:18
LH:13
BRDA:10,0,0,1
BRDA:10,0,1,1
BRDA:15,1,0,1
BRDA:15,1,1,0
BRDA:23,2,0,0
BRDA:23,2,1,0
BRDA:27,3,0,0
BRDA:27,3,1,0
BRDA:27,4,0,0
BRDA:27,4,1,0
BRF:10
BRH:3
end_of_record
TN:
SF:lambda\notes\update\update.schema.ts
FNF:0
FNH:0
DA:1,2
DA:3,2
LF:2
LH:2
BRF:0
BRH:0
end_of_record
TN:
SF:lambda\notes\update\update.service.ts
FN:4,(anonymous_0)
FNF:1
FNH:1
FNDA:2,(anonymous_0)
DA:1,2
DA:2,2
DA:4,2
DA:5,2
DA:16,2
DA:18,1
LF:6
LH:6
BRF:0
BRH:0
end_of_record
TN:
SF:lambda\utils\dynamoClient.ts
FNF:0
FNH:0
DA:1,5
DA:2,5
DA:4,5
DA:5,5
LF:4
LH:4
BRF:0
BRH:0
end_of_record
TN:
SF:lambda\utils\response.ts
FN:7,(anonymous_0)
FN:13,(anonymous_1)
FN:15,(anonymous_2)
FN:18,(anonymous_3)
FN:20,(anonymous_4)
FNF:5
FNH:4
FNDA:9,(anonymous_0)
FNDA:4,(anonymous_1)
FNDA:3,(anonymous_2)
FNDA:1,(anonymous_3)
FNDA:0,(anonymous_4)
DA:1,5
DA:7,9
DA:13,5
DA:15,5
DA:16,3
DA:18,5
DA:20,5
LF:7
LH:7
BRDA:18,0,0,0
BRF:1
BRH:0
end_of_record
TN:
SF:lambda\utils\validate.ts
FN:3,(anonymous_0)
FN:14,(anonymous_1)
FNF:2
FNH:2
FNDA:6,(anonymous_0)
FNDA:1,(anonymous_1)
DA:3,4
DA:4,6
DA:5,6
DA:6,1
DA:7,1
DA:9,5
DA:12,4
DA:15,1
DA:16,1
DA:17,1
LF:10
LH:10
BRDA:5,0,0,1
BRDA:5,0,1,5
BRF:2
BRH:2
end_of_record
